<<<<<<< HEAD
<?xml version="1.0" encoding="UTF-8"?>
<!-- Generated by org.testng.reporters.JUnitReportReporter -->
<testsuite hostname="CPDK030" failures="0" tests="1" name="com.apitesting.FirstTest" time="2.770" errors="0" timestamp="2024-07-05T12:21:59 IST" skipped="0">
  <testcase classname="com.apitesting.FirstTest" name="GETApiTest2" time="2.770"/>
</testsuite> <!-- com.apitesting.FirstTest -->
=======
<?xml version="1.0" encoding="UTF-8"?>
<!-- Generated by org.testng.reporters.JUnitReportReporter -->
<testsuite hostname="CPDK030" failures="0" tests="1" name="com.apitesting.FirstTest" time="2.770" errors="0" timestamp="2024-07-05T12:21:59 IST" skipped="0">
  <testcase classname="com.apitesting.FirstTest" name="GETApiTest2" time="2.770"/>
</testsuite> <!-- com.apitesting.FirstTest -->
>>>>>>> eca3ecdc772315816e951b84e1b630762b5c3e2f
