<<<<<<< HEAD
<?xml version="1.0" encoding="UTF-8"?>
<!-- Generated by org.testng.reporters.JUnitReportReporter -->
<testsuite hostname="CPDK030" failures="0" tests="1" name="com.apitesting.MITINSTITUTEMANAGEMENTREACTPROJECT" time="2.740" errors="0" timestamp="2024-07-05T15:22:31 IST" skipped="0">
  <testcase classname="com.apitesting.MITINSTITUTEMANAGEMENTREACTPROJECT" name="POSTRequest" time="2.740"/>
</testsuite> <!-- com.apitesting.MITINSTITUTEMANAGEMENTREACTPROJECT -->
=======
<?xml version="1.0" encoding="UTF-8"?>
<!-- Generated by org.testng.reporters.JUnitReportReporter -->
<testsuite hostname="CPDK030" failures="0" tests="1" name="com.apitesting.MITINSTITUTEMANAGEMENTREACTPROJECT" time="2.740" errors="0" timestamp="2024-07-05T15:22:31 IST" skipped="0">
  <testcase classname="com.apitesting.MITINSTITUTEMANAGEMENTREACTPROJECT" name="POSTRequest" time="2.740"/>
</testsuite> <!-- com.apitesting.MITINSTITUTEMANAGEMENTREACTPROJECT -->
>>>>>>> eca3ecdc772315816e951b84e1b630762b5c3e2f
