<?xml version="1.0" encoding="UTF-8"?>
<!-- Generated by org.testng.reporters.JUnitReportReporter -->
<testsuite hostname="CPDK030" failures="0" tests="1" name="com.apitesting.PutPatchAndDeleteRequest" time="2.368" errors="0" timestamp="2024-07-05T15:05:39 IST" skipped="0">
  <testcase classname="com.apitesting.PutPatchAndDeleteRequest" name="PATCHRequest" time="2.368"/>
</testsuite> <!-- com.apitesting.PutPatchAndDeleteRequest -->
